<?xml version="1.0" encoding="UTF-8"?>
<!-- Generated by org.testng.reporters.JUnitReportReporter -->
<testsuite hostname="Ashu-PC" name="dd_testcases.LoginTest" tests="1" failures="0" timestamp="7 Oct 2017 04:19:26 GMT" time="4.049" errors="0">
  <testcase name="doLogin" time="4.049" classname="dd_testcases.LoginTest"/>
</testsuite> <!-- dd_testcases.LoginTest -->
