<?xml version="1.0" encoding="UTF-8"?>
<!-- Generated by org.testng.reporters.JUnitReportReporter -->
<testsuite hostname="Ashu-PC" name="dd_testcases.Testtitle" tests="1" failures="0" timestamp="7 Oct 2017 04:19:26 GMT" time="2.277" errors="0">
  <testcase name="doLogin" time="2.277" classname="dd_testcases.Testtitle"/>
</testsuite> <!-- dd_testcases.Testtitle -->
